<?xml version="1.0" encoding="UTF-8"?>
<coverage generated="1620368943238" clover="3.2.0">
  <project timestamp="1620368943238" name="All files">
    <metrics statements="164" coveredstatements="143" conditionals="24" coveredconditionals="7" methods="34" coveredmethods="13" elements="222" coveredelements="163" complexity="0" loc="164" ncloc="164" packages="12" files="21" classes="21"/>
    <package name="src">
      <metrics statements="6" coveredstatements="6" conditionals="12" coveredconditionals="7" methods="6" coveredmethods="4"/>
      <file name="theme.js" path="/home/alpopanu/reciper/reciper-frontend/src/theme.js">
        <metrics statements="6" coveredstatements="6" conditionals="12" coveredconditionals="7" methods="6" coveredmethods="4"/>
        <line num="1" count="8" type="stmt"/>
        <line num="2" count="128" type="cond" truecount="7" falsecount="5"/>
        <line num="4" count="8" type="stmt"/>
        <line num="27" count="8" type="stmt"/>
        <line num="33" count="8" type="stmt"/>
        <line num="37" count="8" type="stmt"/>
      </file>
    </package>
    <package name="src.components.BoldText">
      <metrics statements="9" coveredstatements="9" conditionals="0" coveredconditionals="0" methods="1" coveredmethods="1"/>
      <file name="index.tsx" path="/home/alpopanu/reciper/reciper-frontend/src/components/BoldText/index.tsx">
        <metrics statements="9" coveredstatements="9" conditionals="0" coveredconditionals="0" methods="1" coveredmethods="1"/>
        <line num="2" count="2" type="stmt"/>
        <line num="3" count="2" type="stmt"/>
        <line num="4" count="2" type="stmt"/>
        <line num="5" count="2" type="stmt"/>
        <line num="12" count="2" type="stmt"/>
        <line num="13" count="1" type="stmt"/>
        <line num="15" count="1" type="stmt"/>
        <line num="24" count="2" type="stmt"/>
        <line num="34" count="2" type="stmt"/>
      </file>
    </package>
    <package name="src.components.FilledButton">
      <metrics statements="10" coveredstatements="10" conditionals="0" coveredconditionals="0" methods="1" coveredmethods="1"/>
      <file name="index.tsx" path="/home/alpopanu/reciper/reciper-frontend/src/components/FilledButton/index.tsx">
        <metrics statements="10" coveredstatements="10" conditionals="0" coveredconditionals="0" methods="1" coveredmethods="1"/>
        <line num="2" count="2" type="stmt"/>
        <line num="3" count="2" type="stmt"/>
        <line num="4" count="2" type="stmt"/>
        <line num="5" count="2" type="stmt"/>
        <line num="15" count="3" type="stmt"/>
        <line num="16" count="3" type="stmt"/>
        <line num="17" count="3" type="stmt"/>
        <line num="19" count="3" type="stmt"/>
        <line num="33" count="2" type="stmt"/>
        <line num="46" count="2" type="stmt"/>
      </file>
    </package>
    <package name="src.components.FormikTextInput">
      <metrics statements="24" coveredstatements="17" conditionals="6" coveredconditionals="0" methods="4" coveredmethods="0"/>
      <file name="TextInput.tsx" path="/home/alpopanu/reciper/reciper-frontend/src/components/FormikTextInput/TextInput.tsx">
        <metrics statements="8" coveredstatements="6" conditionals="2" coveredconditionals="0" methods="1" coveredmethods="0"/>
        <line num="1" count="1" type="stmt"/>
        <line num="3" count="1" type="stmt"/>
        <line num="4" count="1" type="stmt"/>
        <line num="5" count="1" type="stmt"/>
        <line num="16" count="1" type="stmt"/>
        <line num="17" count="0" type="cond" truecount="0" falsecount="2"/>
        <line num="19" count="0" type="stmt"/>
        <line num="28" count="1" type="stmt"/>
      </file>
      <file name="index.tsx" path="/home/alpopanu/reciper/reciper-frontend/src/components/FormikTextInput/index.tsx">
        <metrics statements="13" coveredstatements="8" conditionals="4" coveredconditionals="0" methods="3" coveredmethods="0"/>
        <line num="1" count="1" type="stmt"/>
        <line num="2" count="1" type="stmt"/>
        <line num="3" count="1" type="stmt"/>
        <line num="4" count="1" type="stmt"/>
        <line num="5" count="1" type="stmt"/>
        <line num="6" count="1" type="stmt"/>
        <line num="14" count="1" type="stmt"/>
        <line num="15" count="0" type="stmt"/>
        <line num="16" count="0" type="cond" truecount="0" falsecount="2"/>
        <line num="18" count="0" type="stmt"/>
        <line num="30" count="0" type="stmt"/>
        <line num="31" count="0" type="stmt"/>
        <line num="40" count="1" type="stmt"/>
      </file>
      <file name="styles.tsx" path="/home/alpopanu/reciper/reciper-frontend/src/components/FormikTextInput/styles.tsx">
        <metrics statements="3" coveredstatements="3" conditionals="0" coveredconditionals="0" methods="0" coveredmethods="0"/>
        <line num="1" count="1" type="stmt"/>
        <line num="2" count="1" type="stmt"/>
        <line num="12" count="1" type="stmt"/>
      </file>
    </package>
    <package name="src.components.Logo">
      <metrics statements="7" coveredstatements="7" conditionals="0" coveredconditionals="0" methods="1" coveredmethods="1"/>
      <file name="index.tsx" path="/home/alpopanu/reciper/reciper-frontend/src/components/Logo/index.tsx">
        <metrics statements="7" coveredstatements="7" conditionals="0" coveredconditionals="0" methods="1" coveredmethods="1"/>
        <line num="2" count="2" type="stmt"/>
        <line num="3" count="2" type="stmt"/>
        <line num="4" count="2" type="stmt"/>
        <line num="5" count="2" type="stmt"/>
        <line num="7" count="4" type="stmt"/>
        <line num="17" count="2" type="stmt"/>
        <line num="26" count="2" type="stmt"/>
      </file>
    </package>
    <package name="src.components.OutlinedButton">
      <metrics statements="10" coveredstatements="10" conditionals="0" coveredconditionals="0" methods="1" coveredmethods="1"/>
      <file name="index.tsx" path="/home/alpopanu/reciper/reciper-frontend/src/components/OutlinedButton/index.tsx">
        <metrics statements="10" coveredstatements="10" conditionals="0" coveredconditionals="0" methods="1" coveredmethods="1"/>
        <line num="2" count="2" type="stmt"/>
        <line num="3" count="2" type="stmt"/>
        <line num="4" count="2" type="stmt"/>
        <line num="5" count="2" type="stmt"/>
        <line num="15" count="3" type="stmt"/>
        <line num="16" count="3" type="stmt"/>
        <line num="17" count="3" type="stmt"/>
        <line num="19" count="3" type="stmt"/>
        <line num="33" count="2" type="stmt"/>
        <line num="46" count="2" type="stmt"/>
      </file>
    </package>
    <package name="src.components.SModal">
      <metrics statements="10" coveredstatements="8" conditionals="0" coveredconditionals="0" methods="1" coveredmethods="0"/>
      <file name="index.tsx" path="/home/alpopanu/reciper/reciper-frontend/src/components/SModal/index.tsx">
        <metrics statements="7" coveredstatements="5" conditionals="0" coveredconditionals="0" methods="1" coveredmethods="0"/>
        <line num="1" count="1" type="stmt"/>
        <line num="3" count="1" type="stmt"/>
        <line num="4" count="1" type="stmt"/>
        <line num="13" count="1" type="stmt"/>
        <line num="14" count="0" type="stmt"/>
        <line num="16" count="0" type="stmt"/>
        <line num="27" count="1" type="stmt"/>
      </file>
      <file name="styles.tsx" path="/home/alpopanu/reciper/reciper-frontend/src/components/SModal/styles.tsx">
        <metrics statements="3" coveredstatements="3" conditionals="0" coveredconditionals="0" methods="0" coveredmethods="0"/>
        <line num="1" count="1" type="stmt"/>
        <line num="2" count="1" type="stmt"/>
        <line num="4" count="1" type="stmt"/>
      </file>
    </package>
    <package name="src.components.SText">
      <metrics statements="9" coveredstatements="9" conditionals="0" coveredconditionals="0" methods="1" coveredmethods="1"/>
      <file name="index.tsx" path="/home/alpopanu/reciper/reciper-frontend/src/components/SText/index.tsx">
        <metrics statements="9" coveredstatements="9" conditionals="0" coveredconditionals="0" methods="1" coveredmethods="1"/>
        <line num="2" count="2" type="stmt"/>
        <line num="3" count="2" type="stmt"/>
        <line num="4" count="2" type="stmt"/>
        <line num="5" count="2" type="stmt"/>
        <line num="12" count="2" type="stmt"/>
        <line num="13" count="1" type="stmt"/>
        <line num="15" count="1" type="stmt"/>
        <line num="24" count="2" type="stmt"/>
        <line num="34" count="2" type="stmt"/>
      </file>
    </package>
    <package name="src.components.STitle">
      <metrics statements="7" coveredstatements="7" conditionals="0" coveredconditionals="0" methods="1" coveredmethods="1"/>
      <file name="index.tsx" path="/home/alpopanu/reciper/reciper-frontend/src/components/STitle/index.tsx">
        <metrics statements="7" coveredstatements="7" conditionals="0" coveredconditionals="0" methods="1" coveredmethods="1"/>
        <line num="2" count="2" type="stmt"/>
        <line num="3" count="2" type="stmt"/>
        <line num="4" count="2" type="stmt"/>
        <line num="5" count="2" type="stmt"/>
        <line num="7" count="6" type="stmt"/>
        <line num="15" count="2" type="stmt"/>
        <line num="23" count="2" type="stmt"/>
      </file>
    </package>
    <package name="src.components.TextButton">
      <metrics statements="10" coveredstatements="10" conditionals="0" coveredconditionals="0" methods="1" coveredmethods="1"/>
      <file name="index.tsx" path="/home/alpopanu/reciper/reciper-frontend/src/components/TextButton/index.tsx">
        <metrics statements="10" coveredstatements="10" conditionals="0" coveredconditionals="0" methods="1" coveredmethods="1"/>
        <line num="2" count="1" type="stmt"/>
        <line num="3" count="1" type="stmt"/>
        <line num="4" count="1" type="stmt"/>
        <line num="5" count="1" type="stmt"/>
        <line num="15" count="2" type="stmt"/>
        <line num="16" count="2" type="stmt"/>
        <line num="17" count="2" type="stmt"/>
        <line num="19" count="2" type="stmt"/>
        <line num="31" count="1" type="stmt"/>
        <line num="42" count="1" type="stmt"/>
      </file>
    </package>
    <package name="src.screens.AuthScreens.RegisterModal">
      <metrics statements="31" coveredstatements="25" conditionals="6" coveredconditionals="0" methods="8" coveredmethods="0"/>
      <file name="FormView.tsx" path="/home/alpopanu/reciper/reciper-frontend/src/screens/AuthScreens/RegisterModal/FormView.tsx">
        <metrics statements="6" coveredstatements="6" conditionals="0" coveredconditionals="0" methods="1" coveredmethods="0"/>
        <line num="1" count="1" type="stmt"/>
        <line num="2" count="1" type="stmt"/>
        <line num="3" count="1" type="stmt"/>
        <line num="4" count="1" type="stmt"/>
        <line num="5" count="1" type="stmt"/>
        <line num="9" count="1" type="stmt"/>
      </file>
      <file name="FormikForm.tsx" path="/home/alpopanu/reciper/reciper-frontend/src/screens/AuthScreens/RegisterModal/FormikForm.tsx">
        <metrics statements="10" coveredstatements="7" conditionals="6" coveredconditionals="0" methods="4" coveredmethods="0"/>
        <line num="1" count="1" type="stmt"/>
        <line num="2" count="1" type="stmt"/>
        <line num="3" count="1" type="stmt"/>
        <line num="4" count="1" type="stmt"/>
        <line num="6" count="1" type="stmt"/>
        <line num="13" count="1" type="stmt"/>
        <line num="17" count="0" type="stmt"/>
        <line num="22" count="0" type="stmt"/>
        <line num="30" count="1" type="stmt"/>
        <line num="33" count="0" type="stmt"/>
      </file>
      <file name="index.tsx" path="/home/alpopanu/reciper/reciper-frontend/src/screens/AuthScreens/RegisterModal/index.tsx">
        <metrics statements="12" coveredstatements="9" conditionals="0" coveredconditionals="0" methods="3" coveredmethods="0"/>
        <line num="1" count="1" type="stmt"/>
        <line num="2" count="1" type="stmt"/>
        <line num="5" count="1" type="stmt"/>
        <line num="7" count="1" type="stmt"/>
        <line num="8" count="1" type="stmt"/>
        <line num="9" count="1" type="stmt"/>
        <line num="16" count="1" type="stmt"/>
        <line num="22" count="1" type="stmt"/>
        <line num="23" count="0" type="stmt"/>
        <line num="24" count="0" type="stmt"/>
        <line num="27" count="0" type="stmt"/>
        <line num="35" count="1" type="stmt"/>
      </file>
      <file name="styles.tsx" path="/home/alpopanu/reciper/reciper-frontend/src/screens/AuthScreens/RegisterModal/styles.tsx">
        <metrics statements="3" coveredstatements="3" conditionals="0" coveredconditionals="0" methods="0" coveredmethods="0"/>
        <line num="1" count="1" type="stmt"/>
        <line num="2" count="1" type="stmt"/>
        <line num="12" count="1" type="stmt"/>
      </file>
    </package>
    <package name="src.screens.AuthScreens.WelcomeScreen">
      <metrics statements="31" coveredstatements="25" conditionals="0" coveredconditionals="0" methods="8" coveredmethods="2"/>
      <file name="BackgroundImage.tsx" path="/home/alpopanu/reciper/reciper-frontend/src/screens/AuthScreens/WelcomeScreen/BackgroundImage.tsx">
        <metrics statements="4" coveredstatements="4" conditionals="0" coveredconditionals="0" methods="1" coveredmethods="0"/>
        <line num="2" count="1" type="stmt"/>
        <line num="3" count="1" type="stmt"/>
        <line num="4" count="1" type="stmt"/>
        <line num="7" count="1" type="stmt"/>
      </file>
      <file name="LoginAndRegisterContainer.tsx" path="/home/alpopanu/reciper/reciper-frontend/src/screens/AuthScreens/WelcomeScreen/LoginAndRegisterContainer.tsx">
        <metrics statements="14" coveredstatements="9" conditionals="0" coveredconditionals="0" methods="4" coveredmethods="1"/>
        <line num="1" count="1" type="stmt"/>
        <line num="2" count="1" type="stmt"/>
        <line num="3" count="1" type="stmt"/>
        <line num="4" count="1" type="stmt"/>
        <line num="5" count="1" type="stmt"/>
        <line num="6" count="1" type="stmt"/>
        <line num="7" count="1" type="stmt"/>
        <line num="14" count="2" type="stmt"/>
        <line num="25" count="1" type="stmt"/>
        <line num="26" count="0" type="stmt"/>
        <line num="27" count="0" type="stmt"/>
        <line num="29" count="0" type="stmt"/>
        <line num="30" count="0" type="stmt"/>
        <line num="32" count="0" type="stmt"/>
      </file>
      <file name="index.tsx" path="/home/alpopanu/reciper/reciper-frontend/src/screens/AuthScreens/WelcomeScreen/index.tsx">
        <metrics statements="10" coveredstatements="9" conditionals="0" coveredconditionals="0" methods="3" coveredmethods="1"/>
        <line num="2" count="1" type="stmt"/>
        <line num="3" count="1" type="stmt"/>
        <line num="4" count="1" type="stmt"/>
        <line num="5" count="1" type="stmt"/>
        <line num="6" count="1" type="stmt"/>
        <line num="7" count="1" type="stmt"/>
        <line num="8" count="1" type="stmt"/>
        <line num="10" count="2" type="stmt"/>
        <line num="21" count="1" type="stmt"/>
        <line num="31" count="0" type="stmt"/>
      </file>
      <file name="styles.tsx" path="/home/alpopanu/reciper/reciper-frontend/src/screens/AuthScreens/WelcomeScreen/styles.tsx">
        <metrics statements="3" coveredstatements="3" conditionals="0" coveredconditionals="0" methods="0" coveredmethods="0"/>
        <line num="1" count="1" type="stmt"/>
        <line num="2" count="1" type="stmt"/>
        <line num="13" count="1" type="stmt"/>
      </file>
    </package>
  </project>
</coverage>
