{"/home/alpopanu/reciper/reciper-frontend/src/theme.js": {"path":"/home/alpopanu/reciper/reciper-frontend/src/theme.js","statementMap":{"0":{"start":{"line":1,"column":13},"end":{"line":1,"column":75}},"1":{"start":{"line":1,"column":75},"end":{"line":1,"column":121}},"2":{"start":{"line":1,"column":140},"end":{"line":1,"column":163}},"3":{"start":{"line":2,"column":24},"end":{"line":2,"column":53}},"4":{"start":{"line":2,"column":107},"end":{"line":2,"column":126}},"5":{"start":{"line":2,"column":127},"end":{"line":2,"column":372}},"6":{"start":{"line":2,"column":176},"end":{"line":2,"column":212}},"7":{"start":{"line":2,"column":213},"end":{"line":2,"column":340}},"8":{"start":{"line":2,"column":233},"end":{"line":2,"column":340}},"9":{"start":{"line":2,"column":274},"end":{"line":2,"column":337}},"10":{"start":{"line":2,"column":340},"end":{"line":2,"column":371}},"11":{"start":{"line":2,"column":372},"end":{"line":2,"column":384}},"12":{"start":{"line":2,"column":417},"end":{"line":2,"column":888}},"13":{"start":{"line":2,"column":430},"end":{"line":2,"column":431}},"14":{"start":{"line":2,"column":474},"end":{"line":2,"column":514}},"15":{"start":{"line":2,"column":515},"end":{"line":2,"column":887}},"16":{"start":{"line":2,"column":527},"end":{"line":2,"column":626}},"17":{"start":{"line":2,"column":581},"end":{"line":2,"column":623}},"18":{"start":{"line":2,"column":633},"end":{"line":2,"column":887}},"19":{"start":{"line":2,"column":672},"end":{"line":2,"column":746}},"20":{"start":{"line":2,"column":754},"end":{"line":2,"column":886}},"21":{"start":{"line":2,"column":802},"end":{"line":2,"column":883}},"22":{"start":{"line":2,"column":888},"end":{"line":2,"column":902}},"23":{"start":{"line":2,"column":946},"end":{"line":2,"column":1093}},"24":{"start":{"line":2,"column":963},"end":{"line":2,"column":1067}},"25":{"start":{"line":2,"column":1075},"end":{"line":2,"column":1092}},"26":{"start":{"line":2,"column":1093},"end":{"line":2,"column":1104}},"27":{"start":{"line":4,"column":12},"end":{"line":23,"column":24}},"28":{"start":{"line":27,"column":17},"end":{"line":33,"column":41}},"29":{"start":{"line":33,"column":42},"end":{"line":33,"column":74}},"30":{"start":{"line":37,"column":0},"end":{"line":37,"column":5}},"31":{"start":{"line":37,"column":6},"end":{"line":37,"column":33}}},"fnMap":{"0":{"name":"ownKeys","decl":{"start":{"line":2,"column":63},"end":{"line":2,"column":70}},"loc":{"start":{"line":2,"column":95},"end":{"line":2,"column":385}},"line":2},"1":{"name":"(anonymous_1)","decl":{"start":{"line":2,"column":258},"end":{"line":2,"column":259}},"loc":{"start":{"line":2,"column":273},"end":{"line":2,"column":338}},"line":2},"2":{"name":"_objectSpread","decl":{"start":{"line":2,"column":394},"end":{"line":2,"column":407}},"loc":{"start":{"line":2,"column":416},"end":{"line":2,"column":903}},"line":2},"3":{"name":"(anonymous_3)","decl":{"start":{"line":2,"column":565},"end":{"line":2,"column":566}},"loc":{"start":{"line":2,"column":580},"end":{"line":2,"column":624}},"line":2},"4":{"name":"(anonymous_4)","decl":{"start":{"line":2,"column":786},"end":{"line":2,"column":787}},"loc":{"start":{"line":2,"column":801},"end":{"line":2,"column":884}},"line":2},"5":{"name":"_defineProperty","decl":{"start":{"line":2,"column":912},"end":{"line":2,"column":927}},"loc":{"start":{"line":2,"column":945},"end":{"line":2,"column":1105}},"line":2}},"branchMap":{"0":{"loc":{"start":{"line":2,"column":127},"end":{"line":2,"column":372}},"type":"if","locations":[{"start":{"line":2,"column":127},"end":{"line":2,"column":372}},{"start":{"line":2,"column":127},"end":{"line":2,"column":372}}],"line":2},"1":{"loc":{"start":{"line":2,"column":213},"end":{"line":2,"column":340}},"type":"if","locations":[{"start":{"line":2,"column":213},"end":{"line":2,"column":340}},{"start":{"line":2,"column":213},"end":{"line":2,"column":340}}],"line":2},"2":{"loc":{"start":{"line":2,"column":474},"end":{"line":2,"column":514}},"type":"cond-expr","locations":[{"start":{"line":2,"column":497},"end":{"line":2,"column":509}},{"start":{"line":2,"column":512},"end":{"line":2,"column":514}}],"line":2},"3":{"loc":{"start":{"line":2,"column":515},"end":{"line":2,"column":887}},"type":"if","locations":[{"start":{"line":2,"column":515},"end":{"line":2,"column":887}},{"start":{"line":2,"column":515},"end":{"line":2,"column":887}}],"line":2},"4":{"loc":{"start":{"line":2,"column":633},"end":{"line":2,"column":887}},"type":"if","locations":[{"start":{"line":2,"column":633},"end":{"line":2,"column":887}},{"start":{"line":2,"column":633},"end":{"line":2,"column":887}}],"line":2},"5":{"loc":{"start":{"line":2,"column":946},"end":{"line":2,"column":1093}},"type":"if","locations":[{"start":{"line":2,"column":946},"end":{"line":2,"column":1093}},{"start":{"line":2,"column":946},"end":{"line":2,"column":1093}}],"line":2}},"s":{"0":8,"1":8,"2":8,"3":8,"4":32,"5":32,"6":32,"7":32,"8":32,"9":0,"10":32,"11":32,"12":32,"13":32,"14":48,"15":48,"16":32,"17":128,"18":16,"19":16,"20":0,"21":0,"22":32,"23":128,"24":0,"25":128,"26":128,"27":8,"28":8,"29":8,"30":8,"31":8},"f":{"0":32,"1":0,"2":32,"3":128,"4":0,"5":128},"b":{"0":[32,0],"1":[32,0],"2":[48,0],"3":[32,16],"4":[16,0],"5":[0,128]},"inputSourceMap":null,"_coverageSchema":"1a1c01bbd47fc00a2c39e90264f33305004495a9","hash":"2d97cfd8d549ceb8f77eac36de56ee0861b814cf"}
,"/home/alpopanu/reciper/reciper-frontend/src/components/BoldText/index.tsx": {"path":"/home/alpopanu/reciper/reciper-frontend/src/components/BoldText/index.tsx","statementMap":{"0":{"start":{"line":2,"column":0},"end":{"line":2,"column":null}},"1":{"start":{"line":3,"column":0},"end":{"line":3,"column":null}},"2":{"start":{"line":4,"column":0},"end":{"line":4,"column":null}},"3":{"start":{"line":5,"column":0},"end":{"line":5,"column":null}},"4":{"start":{"line":12,"column":17},"end":{"line":18,"column":null}},"5":{"start":{"line":12,"column":41},"end":{"line":12,"column":null}},"6":{"start":{"line":13,"column":18},"end":{"line":13,"column":19}},"7":{"start":{"line":15,"column":2},"end":{"line":15,"column":null}},"8":{"start":{"line":24,"column":23},"end":{"line":24,"column":34}},"9":{"start":{"line":34,"column":15},"end":{"line":34,"column":null}}},"fnMap":{"0":{"name":"BoldText","decl":{"start":{"line":12,"column":6},"end":{"line":12,"column":14}},"loc":{"start":{"line":12,"column":41},"end":{"line":18,"column":null}}}},"branchMap":{},"s":{"0":2,"1":2,"2":2,"3":2,"4":2,"5":1,"6":1,"7":1,"8":2,"9":2},"f":{"0":1},"b":{}}
,"/home/alpopanu/reciper/reciper-frontend/src/components/FilledButton/index.tsx": {"path":"/home/alpopanu/reciper/reciper-frontend/src/components/FilledButton/index.tsx","statementMap":{"0":{"start":{"line":2,"column":0},"end":{"line":2,"column":null}},"1":{"start":{"line":3,"column":0},"end":{"line":3,"column":null}},"2":{"start":{"line":4,"column":0},"end":{"line":4,"column":null}},"3":{"start":{"line":5,"column":0},"end":{"line":5,"column":null}},"4":{"start":{"line":15,"column":21},"end":{"line":26,"column":null}},"5":{"start":{"line":15,"column":79},"end":{"line":15,"column":31}},"6":{"start":{"line":15,"column":79},"end":{"line":15,"column":43}},"7":{"start":{"line":15,"column":79},"end":{"line":15,"column":49}},"8":{"start":{"line":15,"column":79},"end":{"line":15,"column":61}},"9":{"start":{"line":15,"column":79},"end":{"line":15,"column":null}},"10":{"start":{"line":16,"column":23},"end":{"line":16,"column":24}},"11":{"start":{"line":17,"column":21},"end":{"line":17,"column":22}},"12":{"start":{"line":19,"column":2},"end":{"line":19,"column":null}},"13":{"start":{"line":33,"column":23},"end":{"line":33,"column":34}},"14":{"start":{"line":46,"column":15},"end":{"line":46,"column":null}}},"fnMap":{"0":{"name":"FilledButton","decl":{"start":{"line":15,"column":6},"end":{"line":15,"column":18}},"loc":{"start":{"line":15,"column":79},"end":{"line":26,"column":null}}}},"branchMap":{},"s":{"0":2,"1":2,"2":2,"3":2,"4":2,"5":3,"6":3,"7":3,"8":3,"9":3,"10":3,"11":3,"12":3,"13":2,"14":2},"f":{"0":3},"b":{}}
,"/home/alpopanu/reciper/reciper-frontend/src/components/FormikTextInput/TextInput.tsx": {"path":"/home/alpopanu/reciper/reciper-frontend/src/components/FormikTextInput/TextInput.tsx","statementMap":{"0":{"start":{"line":1,"column":0},"end":{"line":1,"column":null}},"1":{"start":{"line":3,"column":0},"end":{"line":3,"column":null}},"2":{"start":{"line":4,"column":0},"end":{"line":4,"column":null}},"3":{"start":{"line":5,"column":0},"end":{"line":5,"column":null}},"4":{"start":{"line":16,"column":18},"end":{"line":26,"column":null}},"5":{"start":{"line":16,"column":63},"end":{"line":16,"column":28}},"6":{"start":{"line":16,"column":63},"end":{"line":16,"column":35}},"7":{"start":{"line":16,"column":63},"end":{"line":16,"column":45}},"8":{"start":{"line":16,"column":63},"end":{"line":16,"column":null}},"9":{"start":{"line":17,"column":25},"end":{"line":17,"column":64}},"10":{"start":{"line":19,"column":2},"end":{"line":19,"column":9}},"11":{"start":{"line":28,"column":15},"end":{"line":28,"column":null}}},"fnMap":{"0":{"name":"TextInput","decl":{"start":{"line":16,"column":6},"end":{"line":16,"column":15}},"loc":{"start":{"line":16,"column":63},"end":{"line":26,"column":null}}}},"branchMap":{"0":{"loc":{"start":{"line":17,"column":33},"end":{"line":17,"column":34}},"type":"cond-expr","locations":[{"start":{"line":17,"column":33},"end":{"line":17,"column":34}},{"start":{"line":17,"column":63},"end":{"line":17,"column":64}}]}},"s":{"0":1,"1":1,"2":1,"3":1,"4":1,"5":0,"6":0,"7":0,"8":0,"9":0,"10":0,"11":1},"f":{"0":0},"b":{"0":[0,0]}}
,"/home/alpopanu/reciper/reciper-frontend/src/components/FormikTextInput/index.tsx": {"path":"/home/alpopanu/reciper/reciper-frontend/src/components/FormikTextInput/index.tsx","statementMap":{"0":{"start":{"line":1,"column":0},"end":{"line":1,"column":null}},"1":{"start":{"line":2,"column":0},"end":{"line":2,"column":null}},"2":{"start":{"line":3,"column":0},"end":{"line":3,"column":null}},"3":{"start":{"line":4,"column":0},"end":{"line":4,"column":null}},"4":{"start":{"line":5,"column":0},"end":{"line":5,"column":null}},"5":{"start":{"line":6,"column":0},"end":{"line":6,"column":null}},"6":{"start":{"line":14,"column":24},"end":{"line":38,"column":null}},"7":{"start":{"line":14,"column":60},"end":{"line":14,"column":33}},"8":{"start":{"line":14,"column":60},"end":{"line":14,"column":43}},"9":{"start":{"line":14,"column":60},"end":{"line":14,"column":null}},"10":{"start":{"line":15,"column":33},"end":{"line":15,"column":42}},"11":{"start":{"line":15,"column":2},"end":{"line":15,"column":9}},"12":{"start":{"line":16,"column":20},"end":{"line":16,"column":null}},"13":{"start":{"line":18,"column":2},"end":{"line":18,"column":null}},"14":{"start":{"line":30,"column":27},"end":{"line":30,"column":31}},"15":{"start":{"line":31,"column":16},"end":{"line":31,"column":22}},"16":{"start":{"line":40,"column":15},"end":{"line":40,"column":null}}},"fnMap":{"0":{"name":"FormikTextInput","decl":{"start":{"line":14,"column":6},"end":{"line":14,"column":21}},"loc":{"start":{"line":14,"column":60},"end":{"line":38,"column":null}}},"1":{"name":"onChangeText","decl":{"start":{"line":30,"column":22},"end":{"line":30,"column":27}},"loc":{"start":{"line":30,"column":27},"end":{"line":30,"column":31}}},"2":{"name":"onBlur","decl":{"start":{"line":31,"column":16},"end":{"line":31,"column":22}},"loc":{"start":{"line":31,"column":16},"end":{"line":31,"column":22}}}},"branchMap":{"0":{"loc":{"start":{"line":16,"column":20},"end":{"line":16,"column":36}},"type":"binary-expr","locations":[{"start":{"line":16,"column":20},"end":{"line":16,"column":36}},{"start":{"line":16,"column":36},"end":{"line":16,"column":null}}]},"1":{"loc":{"start":{"line":21,"column":9},"end":{"line":21,"column":18}},"type":"binary-expr","locations":[{"start":{"line":21,"column":9},"end":{"line":21,"column":18}},{"start":{"line":22,"column":10},"end":{"line":22,"column":11}}]}},"s":{"0":1,"1":1,"2":1,"3":1,"4":1,"5":1,"6":1,"7":0,"8":0,"9":0,"10":0,"11":0,"12":0,"13":0,"14":0,"15":0,"16":1},"f":{"0":0,"1":0,"2":0},"b":{"0":[0,0],"1":[0,0]}}
,"/home/alpopanu/reciper/reciper-frontend/src/components/FormikTextInput/styles.tsx": {"path":"/home/alpopanu/reciper/reciper-frontend/src/components/FormikTextInput/styles.tsx","statementMap":{"0":{"start":{"line":1,"column":0},"end":{"line":1,"column":null}},"1":{"start":{"line":2,"column":0},"end":{"line":2,"column":null}},"2":{"start":{"line":12,"column":30},"end":{"line":12,"column":41}}},"fnMap":{},"branchMap":{},"s":{"0":1,"1":1,"2":1},"f":{},"b":{}}
,"/home/alpopanu/reciper/reciper-frontend/src/components/Logo/index.tsx": {"path":"/home/alpopanu/reciper/reciper-frontend/src/components/Logo/index.tsx","statementMap":{"0":{"start":{"line":2,"column":0},"end":{"line":2,"column":null}},"1":{"start":{"line":3,"column":0},"end":{"line":3,"column":null}},"2":{"start":{"line":4,"column":0},"end":{"line":4,"column":null}},"3":{"start":{"line":5,"column":0},"end":{"line":5,"column":null}},"4":{"start":{"line":7,"column":13},"end":{"line":7,"column":null}},"5":{"start":{"line":17,"column":23},"end":{"line":17,"column":34}},"6":{"start":{"line":26,"column":15},"end":{"line":26,"column":null}}},"fnMap":{"0":{"name":"Logo","decl":{"start":{"line":7,"column":6},"end":{"line":7,"column":10}},"loc":{"start":{"line":7,"column":13},"end":{"line":7,"column":null}}}},"branchMap":{},"s":{"0":2,"1":2,"2":2,"3":2,"4":4,"5":2,"6":2},"f":{"0":2},"b":{}}
,"/home/alpopanu/reciper/reciper-frontend/src/components/OutlinedButton/index.tsx": {"path":"/home/alpopanu/reciper/reciper-frontend/src/components/OutlinedButton/index.tsx","statementMap":{"0":{"start":{"line":2,"column":0},"end":{"line":2,"column":null}},"1":{"start":{"line":3,"column":0},"end":{"line":3,"column":null}},"2":{"start":{"line":4,"column":0},"end":{"line":4,"column":null}},"3":{"start":{"line":5,"column":0},"end":{"line":5,"column":null}},"4":{"start":{"line":15,"column":23},"end":{"line":26,"column":null}},"5":{"start":{"line":15,"column":81},"end":{"line":15,"column":33}},"6":{"start":{"line":15,"column":81},"end":{"line":15,"column":45}},"7":{"start":{"line":15,"column":81},"end":{"line":15,"column":51}},"8":{"start":{"line":15,"column":81},"end":{"line":15,"column":63}},"9":{"start":{"line":15,"column":81},"end":{"line":15,"column":null}},"10":{"start":{"line":16,"column":23},"end":{"line":16,"column":24}},"11":{"start":{"line":17,"column":21},"end":{"line":17,"column":22}},"12":{"start":{"line":19,"column":2},"end":{"line":19,"column":null}},"13":{"start":{"line":33,"column":23},"end":{"line":33,"column":34}},"14":{"start":{"line":46,"column":15},"end":{"line":46,"column":null}}},"fnMap":{"0":{"name":"OutlinedButton","decl":{"start":{"line":15,"column":6},"end":{"line":15,"column":20}},"loc":{"start":{"line":15,"column":81},"end":{"line":26,"column":null}}}},"branchMap":{},"s":{"0":2,"1":2,"2":2,"3":2,"4":2,"5":3,"6":3,"7":3,"8":3,"9":3,"10":3,"11":3,"12":3,"13":2,"14":2},"f":{"0":3},"b":{}}
,"/home/alpopanu/reciper/reciper-frontend/src/components/SModal/index.tsx": {"path":"/home/alpopanu/reciper/reciper-frontend/src/components/SModal/index.tsx","statementMap":{"0":{"start":{"line":1,"column":0},"end":{"line":1,"column":null}},"1":{"start":{"line":3,"column":0},"end":{"line":3,"column":null}},"2":{"start":{"line":4,"column":0},"end":{"line":4,"column":null}},"3":{"start":{"line":13,"column":15},"end":{"line":25,"column":null}},"4":{"start":{"line":13,"column":63},"end":{"line":13,"column":27}},"5":{"start":{"line":13,"column":63},"end":{"line":13,"column":45}},"6":{"start":{"line":13,"column":63},"end":{"line":13,"column":null}},"7":{"start":{"line":14,"column":17},"end":{"line":14,"column":18}},"8":{"start":{"line":16,"column":2},"end":{"line":16,"column":null}},"9":{"start":{"line":27,"column":15},"end":{"line":27,"column":null}}},"fnMap":{"0":{"name":"SModal","decl":{"start":{"line":13,"column":6},"end":{"line":13,"column":12}},"loc":{"start":{"line":13,"column":63},"end":{"line":25,"column":null}}}},"branchMap":{},"s":{"0":1,"1":1,"2":1,"3":1,"4":0,"5":0,"6":0,"7":0,"8":0,"9":1},"f":{"0":0},"b":{}}
,"/home/alpopanu/reciper/reciper-frontend/src/components/SModal/styles.tsx": {"path":"/home/alpopanu/reciper/reciper-frontend/src/components/SModal/styles.tsx","statementMap":{"0":{"start":{"line":1,"column":0},"end":{"line":1,"column":null}},"1":{"start":{"line":2,"column":0},"end":{"line":2,"column":null}},"2":{"start":{"line":4,"column":22},"end":{"line":4,"column":33}}},"fnMap":{},"branchMap":{},"s":{"0":1,"1":1,"2":1},"f":{},"b":{}}
,"/home/alpopanu/reciper/reciper-frontend/src/components/SText/index.tsx": {"path":"/home/alpopanu/reciper/reciper-frontend/src/components/SText/index.tsx","statementMap":{"0":{"start":{"line":2,"column":0},"end":{"line":2,"column":null}},"1":{"start":{"line":3,"column":0},"end":{"line":3,"column":null}},"2":{"start":{"line":4,"column":0},"end":{"line":4,"column":null}},"3":{"start":{"line":5,"column":0},"end":{"line":5,"column":null}},"4":{"start":{"line":12,"column":14},"end":{"line":18,"column":null}},"5":{"start":{"line":12,"column":38},"end":{"line":12,"column":null}},"6":{"start":{"line":13,"column":18},"end":{"line":13,"column":19}},"7":{"start":{"line":15,"column":2},"end":{"line":15,"column":null}},"8":{"start":{"line":24,"column":23},"end":{"line":24,"column":34}},"9":{"start":{"line":34,"column":15},"end":{"line":34,"column":null}}},"fnMap":{"0":{"name":"SText","decl":{"start":{"line":12,"column":6},"end":{"line":12,"column":11}},"loc":{"start":{"line":12,"column":38},"end":{"line":18,"column":null}}}},"branchMap":{},"s":{"0":2,"1":2,"2":2,"3":2,"4":2,"5":1,"6":1,"7":1,"8":2,"9":2},"f":{"0":1},"b":{}}
,"/home/alpopanu/reciper/reciper-frontend/src/components/STitle/index.tsx": {"path":"/home/alpopanu/reciper/reciper-frontend/src/components/STitle/index.tsx","statementMap":{"0":{"start":{"line":2,"column":0},"end":{"line":2,"column":null}},"1":{"start":{"line":3,"column":0},"end":{"line":3,"column":null}},"2":{"start":{"line":4,"column":0},"end":{"line":4,"column":null}},"3":{"start":{"line":5,"column":0},"end":{"line":5,"column":null}},"4":{"start":{"line":7,"column":15},"end":{"line":7,"column":21}},"5":{"start":{"line":15,"column":23},"end":{"line":15,"column":34}},"6":{"start":{"line":23,"column":15},"end":{"line":23,"column":null}}},"fnMap":{"0":{"name":"STitle","decl":{"start":{"line":7,"column":6},"end":{"line":7,"column":12}},"loc":{"start":{"line":7,"column":15},"end":{"line":7,"column":21}}}},"branchMap":{},"s":{"0":2,"1":2,"2":2,"3":2,"4":6,"5":2,"6":2},"f":{"0":2},"b":{}}
,"/home/alpopanu/reciper/reciper-frontend/src/components/TextButton/index.tsx": {"path":"/home/alpopanu/reciper/reciper-frontend/src/components/TextButton/index.tsx","statementMap":{"0":{"start":{"line":2,"column":0},"end":{"line":2,"column":null}},"1":{"start":{"line":3,"column":0},"end":{"line":3,"column":null}},"2":{"start":{"line":4,"column":0},"end":{"line":4,"column":null}},"3":{"start":{"line":5,"column":0},"end":{"line":5,"column":null}},"4":{"start":{"line":15,"column":19},"end":{"line":24,"column":null}},"5":{"start":{"line":15,"column":77},"end":{"line":15,"column":29}},"6":{"start":{"line":15,"column":77},"end":{"line":15,"column":41}},"7":{"start":{"line":15,"column":77},"end":{"line":15,"column":47}},"8":{"start":{"line":15,"column":77},"end":{"line":15,"column":59}},"9":{"start":{"line":15,"column":77},"end":{"line":15,"column":null}},"10":{"start":{"line":16,"column":23},"end":{"line":16,"column":24}},"11":{"start":{"line":17,"column":21},"end":{"line":17,"column":22}},"12":{"start":{"line":19,"column":2},"end":{"line":19,"column":null}},"13":{"start":{"line":31,"column":23},"end":{"line":31,"column":34}},"14":{"start":{"line":42,"column":15},"end":{"line":42,"column":null}}},"fnMap":{"0":{"name":"TextButton","decl":{"start":{"line":15,"column":6},"end":{"line":15,"column":16}},"loc":{"start":{"line":15,"column":77},"end":{"line":24,"column":null}}}},"branchMap":{},"s":{"0":1,"1":1,"2":1,"3":1,"4":1,"5":2,"6":2,"7":2,"8":2,"9":2,"10":2,"11":2,"12":2,"13":1,"14":1},"f":{"0":2},"b":{}}
,"/home/alpopanu/reciper/reciper-frontend/src/screens/AuthScreens/RegisterModal/FormView.tsx": {"path":"/home/alpopanu/reciper/reciper-frontend/src/screens/AuthScreens/RegisterModal/FormView.tsx","statementMap":{"0":{"start":{"line":1,"column":0},"end":{"line":1,"column":null}},"1":{"start":{"line":2,"column":0},"end":{"line":2,"column":null}},"2":{"start":{"line":3,"column":0},"end":{"line":3,"column":null}},"3":{"start":{"line":4,"column":0},"end":{"line":4,"column":null}},"4":{"start":{"line":5,"column":0},"end":{"line":5,"column":null}},"5":{"start":{"line":9,"column":24},"end":{"line":9,"column":27}},"6":{"start":{"line":9,"column":24},"end":{"line":9,"column":null}}},"fnMap":{"0":{"name":"FormView","decl":{"start":{"line":9,"column":13},"end":{"line":9,"column":21}},"loc":{"start":{"line":9,"column":24},"end":{"line":9,"column":27}}}},"branchMap":{},"s":{"0":1,"1":1,"2":1,"3":1,"4":1,"5":1,"6":0},"f":{"0":0},"b":{}}
,"/home/alpopanu/reciper/reciper-frontend/src/screens/AuthScreens/RegisterModal/FormikForm.tsx": {"path":"/home/alpopanu/reciper/reciper-frontend/src/screens/AuthScreens/RegisterModal/FormikForm.tsx","statementMap":{"0":{"start":{"line":1,"column":0},"end":{"line":1,"column":null}},"1":{"start":{"line":2,"column":0},"end":{"line":2,"column":null}},"2":{"start":{"line":3,"column":0},"end":{"line":3,"column":null}},"3":{"start":{"line":4,"column":0},"end":{"line":4,"column":null}},"4":{"start":{"line":6,"column":22},"end":{"line":6,"column":null}},"5":{"start":{"line":13,"column":48},"end":{"line":13,"column":51}},"6":{"start":{"line":17,"column":66},"end":{"line":17,"column":70}},"7":{"start":{"line":22,"column":66},"end":{"line":22,"column":70}},"8":{"start":{"line":30,"column":26},"end":{"line":30,"column":29}},"9":{"start":{"line":30,"column":26},"end":{"line":30,"column":null}},"10":{"start":{"line":33,"column":5},"end":{"line":33,"column":27}},"11":{"start":{"line":33,"column":5},"end":{"line":33,"column":8}}},"fnMap":{"0":{"name":"(anonymous_0)","decl":{"start":{"line":17,"column":65},"end":{"line":17,"column":66}},"loc":{"start":{"line":17,"column":66},"end":{"line":17,"column":70}}},"1":{"name":"(anonymous_1)","decl":{"start":{"line":22,"column":65},"end":{"line":22,"column":66}},"loc":{"start":{"line":22,"column":66},"end":{"line":22,"column":70}}},"2":{"name":"FormikForm","decl":{"start":{"line":30,"column":13},"end":{"line":30,"column":23}},"loc":{"start":{"line":30,"column":26},"end":{"line":30,"column":29}}},"3":{"name":"(anonymous_3)","decl":{"start":{"line":33,"column":5},"end":{"line":33,"column":8}},"loc":{"start":{"line":33,"column":5},"end":{"line":33,"column":8}}}},"branchMap":{"0":{"loc":{"start":{"line":18,"column":9},"end":{"line":18,"column":26}},"type":"cond-expr","locations":[{"start":{"line":18,"column":9},"end":{"line":18,"column":26}},{"start":{"line":18,"column":26},"end":{"line":18,"column":null}}]},"1":{"loc":{"start":{"line":23,"column":9},"end":{"line":23,"column":42}},"type":"cond-expr","locations":[{"start":{"line":23,"column":9},"end":{"line":23,"column":42}},{"start":{"line":23,"column":42},"end":{"line":23,"column":null}}]},"2":{"loc":{"start":{"line":23,"column":9},"end":{"line":23,"column":25}},"type":"binary-expr","locations":[{"start":{"line":23,"column":9},"end":{"line":23,"column":25}},{"start":{"line":23,"column":25},"end":{"line":23,"column":42}}]}},"s":{"0":1,"1":1,"2":1,"3":1,"4":1,"5":1,"6":0,"7":0,"8":1,"9":0,"10":0,"11":0},"f":{"0":0,"1":0,"2":0,"3":0},"b":{"0":[0,0],"1":[0,0],"2":[0,0]}}
,"/home/alpopanu/reciper/reciper-frontend/src/screens/AuthScreens/RegisterModal/index.tsx": {"path":"/home/alpopanu/reciper/reciper-frontend/src/screens/AuthScreens/RegisterModal/index.tsx","statementMap":{"0":{"start":{"line":1,"column":0},"end":{"line":1,"column":null}},"1":{"start":{"line":2,"column":0},"end":{"line":2,"column":null}},"2":{"start":{"line":5,"column":0},"end":{"line":5,"column":null}},"3":{"start":{"line":7,"column":0},"end":{"line":7,"column":null}},"4":{"start":{"line":8,"column":0},"end":{"line":8,"column":null}},"5":{"start":{"line":9,"column":0},"end":{"line":9,"column":null}},"6":{"start":{"line":16,"column":15},"end":{"line":16,"column":null}},"7":{"start":{"line":22,"column":22},"end":{"line":33,"column":null}},"8":{"start":{"line":22,"column":76},"end":{"line":22,"column":42}},"9":{"start":{"line":22,"column":76},"end":{"line":22,"column":75}},"10":{"start":{"line":23,"column":23},"end":{"line":25,"column":null}},"11":{"start":{"line":24,"column":4},"end":{"line":24,"column":11}},"12":{"start":{"line":27,"column":2},"end":{"line":27,"column":null}},"13":{"start":{"line":35,"column":15},"end":{"line":35,"column":null}}},"fnMap":{"0":{"name":"Header","decl":{"start":{"line":16,"column":6},"end":{"line":16,"column":12}},"loc":{"start":{"line":16,"column":15},"end":{"line":16,"column":null}}},"1":{"name":"RegisterModal","decl":{"start":{"line":22,"column":6},"end":{"line":22,"column":19}},"loc":{"start":{"line":22,"column":76},"end":{"line":33,"column":null}}},"2":{"name":"handleSubmit","decl":{"start":{"line":23,"column":8},"end":{"line":23,"column":20}},"loc":{"start":{"line":23,"column":28},"end":{"line":25,"column":null}}}},"branchMap":{},"s":{"0":1,"1":1,"2":1,"3":1,"4":1,"5":1,"6":1,"7":1,"8":0,"9":0,"10":0,"11":0,"12":0,"13":1},"f":{"0":0,"1":0,"2":0},"b":{}}
,"/home/alpopanu/reciper/reciper-frontend/src/screens/AuthScreens/RegisterModal/styles.tsx": {"path":"/home/alpopanu/reciper/reciper-frontend/src/screens/AuthScreens/RegisterModal/styles.tsx","statementMap":{"0":{"start":{"line":1,"column":0},"end":{"line":1,"column":null}},"1":{"start":{"line":2,"column":0},"end":{"line":2,"column":null}},"2":{"start":{"line":12,"column":30},"end":{"line":12,"column":41}}},"fnMap":{},"branchMap":{},"s":{"0":1,"1":1,"2":1},"f":{},"b":{}}
,"/home/alpopanu/reciper/reciper-frontend/src/screens/AuthScreens/WelcomeScreen/BackgroundImage.tsx": {"path":"/home/alpopanu/reciper/reciper-frontend/src/screens/AuthScreens/WelcomeScreen/BackgroundImage.tsx","statementMap":{"0":{"start":{"line":2,"column":0},"end":{"line":2,"column":null}},"1":{"start":{"line":3,"column":0},"end":{"line":3,"column":null}},"2":{"start":{"line":4,"column":0},"end":{"line":4,"column":null}},"3":{"start":{"line":7,"column":31},"end":{"line":7,"column":32}}},"fnMap":{"0":{"name":"BackgroundImage","decl":{"start":{"line":7,"column":13},"end":{"line":7,"column":28}},"loc":{"start":{"line":7,"column":31},"end":{"line":7,"column":32}}}},"branchMap":{},"s":{"0":1,"1":1,"2":1,"3":1},"f":{"0":0},"b":{}}
,"/home/alpopanu/reciper/reciper-frontend/src/screens/AuthScreens/WelcomeScreen/LoginAndRegisterContainer.tsx": {"path":"/home/alpopanu/reciper/reciper-frontend/src/screens/AuthScreens/WelcomeScreen/LoginAndRegisterContainer.tsx","statementMap":{"0":{"start":{"line":1,"column":0},"end":{"line":1,"column":null}},"1":{"start":{"line":2,"column":0},"end":{"line":2,"column":null}},"2":{"start":{"line":3,"column":0},"end":{"line":3,"column":null}},"3":{"start":{"line":4,"column":0},"end":{"line":4,"column":null}},"4":{"start":{"line":5,"column":0},"end":{"line":5,"column":null}},"5":{"start":{"line":6,"column":0},"end":{"line":6,"column":null}},"6":{"start":{"line":7,"column":0},"end":{"line":7,"column":null}},"7":{"start":{"line":14,"column":43},"end":{"line":14,"column":45}},"8":{"start":{"line":14,"column":43},"end":{"line":14,"column":57}},"9":{"start":{"line":14,"column":43},"end":{"line":14,"column":null}},"10":{"start":{"line":25,"column":41},"end":{"line":40,"column":null}},"11":{"start":{"line":26,"column":48},"end":{"line":26,"column":57}},"12":{"start":{"line":26,"column":2},"end":{"line":26,"column":9}},"13":{"start":{"line":27,"column":42},"end":{"line":27,"column":51}},"14":{"start":{"line":27,"column":2},"end":{"line":27,"column":9}},"15":{"start":{"line":29,"column":25},"end":{"line":29,"column":31}},"16":{"start":{"line":30,"column":22},"end":{"line":30,"column":28}},"17":{"start":{"line":32,"column":2},"end":{"line":32,"column":null}}},"fnMap":{"0":{"name":"LoginAndRegisterButtonsView","decl":{"start":{"line":14,"column":13},"end":{"line":14,"column":40}},"loc":{"start":{"line":14,"column":43},"end":{"line":14,"column":45}}},"1":{"name":"LoginAndRegisterContainer","decl":{"start":{"line":25,"column":13},"end":{"line":25,"column":38}},"loc":{"start":{"line":25,"column":46},"end":{"line":40,"column":null}}},"2":{"name":"toggleRegister","decl":{"start":{"line":29,"column":8},"end":{"line":29,"column":22}},"loc":{"start":{"line":29,"column":25},"end":{"line":29,"column":31}}},"3":{"name":"toggleLogin","decl":{"start":{"line":30,"column":8},"end":{"line":30,"column":19}},"loc":{"start":{"line":30,"column":22},"end":{"line":30,"column":28}}}},"branchMap":{},"s":{"0":1,"1":1,"2":1,"3":1,"4":1,"5":1,"6":1,"7":2,"8":1,"9":1,"10":1,"11":0,"12":0,"13":0,"14":0,"15":0,"16":0,"17":0},"f":{"0":1,"1":0,"2":0,"3":0},"b":{}}
,"/home/alpopanu/reciper/reciper-frontend/src/screens/AuthScreens/WelcomeScreen/index.tsx": {"path":"/home/alpopanu/reciper/reciper-frontend/src/screens/AuthScreens/WelcomeScreen/index.tsx","statementMap":{"0":{"start":{"line":2,"column":0},"end":{"line":2,"column":null}},"1":{"start":{"line":3,"column":0},"end":{"line":3,"column":null}},"2":{"start":{"line":4,"column":0},"end":{"line":4,"column":null}},"3":{"start":{"line":5,"column":0},"end":{"line":5,"column":null}},"4":{"start":{"line":6,"column":0},"end":{"line":6,"column":null}},"5":{"start":{"line":7,"column":0},"end":{"line":7,"column":null}},"6":{"start":{"line":8,"column":0},"end":{"line":8,"column":null}},"7":{"start":{"line":10,"column":27},"end":{"line":10,"column":null}},"8":{"start":{"line":21,"column":22},"end":{"line":21,"column":null}},"9":{"start":{"line":31,"column":2},"end":{"line":31,"column":null}}},"fnMap":{"0":{"name":"WelcomeText","decl":{"start":{"line":10,"column":13},"end":{"line":10,"column":24}},"loc":{"start":{"line":10,"column":27},"end":{"line":10,"column":null}}},"1":{"name":"WelcomeScreen","decl":{"start":{"line":21,"column":6},"end":{"line":21,"column":19}},"loc":{"start":{"line":21,"column":22},"end":{"line":21,"column":null}}},"2":{"name":"_default","decl":{"start":{"line":30,"column":14},"end":{"line":30,"column":null}},"loc":{"start":{"line":30,"column":14},"end":{"line":34,"column":null}}}},"branchMap":{},"s":{"0":1,"1":1,"2":1,"3":1,"4":1,"5":1,"6":1,"7":2,"8":1,"9":0},"f":{"0":1,"1":0,"2":0},"b":{}}
,"/home/alpopanu/reciper/reciper-frontend/src/screens/AuthScreens/WelcomeScreen/styles.tsx": {"path":"/home/alpopanu/reciper/reciper-frontend/src/screens/AuthScreens/WelcomeScreen/styles.tsx","statementMap":{"0":{"start":{"line":1,"column":0},"end":{"line":1,"column":null}},"1":{"start":{"line":2,"column":0},"end":{"line":2,"column":null}},"2":{"start":{"line":13,"column":30},"end":{"line":13,"column":41}}},"fnMap":{},"branchMap":{},"s":{"0":1,"1":1,"2":1},"f":{},"b":{}}
}
