TN:
SF:src/theme.js
FN:2,ownKeys
FN:2,(anonymous_1)
FN:2,_objectSpread
FN:2,(anonymous_3)
FN:2,(anonymous_4)
FN:2,_defineProperty
FNF:6
FNH:4
FNDA:48,ownKeys
FNDA:0,(anonymous_1)
FNDA:48,_objectSpread
FNDA:192,(anonymous_3)
FNDA:0,(anonymous_4)
FNDA:192,_defineProperty
DA:1,12
DA:2,192
DA:4,12
DA:27,12
DA:33,12
DA:37,12
LF:6
LH:6
BRDA:2,0,0,48
BRDA:2,0,1,0
BRDA:2,1,0,48
BRDA:2,1,1,0
BRDA:2,2,0,72
BRDA:2,2,1,0
BRDA:2,3,0,48
BRDA:2,3,1,24
BRDA:2,4,0,24
BRDA:2,4,1,0
BRDA:2,5,0,0
BRDA:2,5,1,192
BRF:12
BRH:7
end_of_record
TN:
SF:src/components/BoldText/index.tsx
FN:12,BoldText
FNF:1
FNH:1
FNDA:3,BoldText
DA:2,4
DA:3,4
DA:4,4
DA:5,4
DA:12,4
DA:13,3
DA:15,3
DA:24,4
DA:34,4
LF:9
LH:9
BRF:0
BRH:0
end_of_record
TN:
SF:src/components/FilledButton/index.tsx
FN:15,FilledButton
FNF:1
FNH:1
FNDA:5,FilledButton
DA:2,4
DA:3,4
DA:4,4
DA:5,4
DA:15,5
DA:16,5
DA:17,5
DA:19,5
DA:33,4
DA:46,4
LF:10
LH:10
BRF:0
BRH:0
end_of_record
TN:
SF:src/components/FormikTextInput/TextInput.tsx
FN:17,TextInput
FNF:1
FNH:1
FNDA:8,TextInput
DA:1,4
DA:3,4
DA:4,4
DA:5,4
DA:17,8
DA:18,8
DA:20,8
DA:30,4
LF:8
LH:8
BRDA:18,0,0,0
BRDA:18,0,1,8
BRF:2
BRH:1
end_of_record
TN:
SF:src/components/FormikTextInput/index.tsx
FN:14,FormikTextInput
FN:30,onChangeText
FN:31,onBlur
FNF:3
FNH:1
FNDA:6,FormikTextInput
FNDA:0,onChangeText
FNDA:0,onBlur
DA:1,3
DA:2,3
DA:3,3
DA:4,3
DA:5,3
DA:6,3
DA:14,6
DA:15,24
DA:16,6
DA:18,6
DA:30,0
DA:31,0
DA:40,3
LF:13
LH:11
BRDA:16,0,0,6
BRDA:16,0,1,0
BRDA:21,1,0,6
BRDA:21,1,1,0
BRF:4
BRH:2
end_of_record
TN:
SF:src/components/FormikTextInput/styles.tsx
FNF:0
FNH:0
DA:1,4
DA:2,4
DA:12,4
LF:3
LH:3
BRF:0
BRH:0
end_of_record
TN:
SF:src/components/Logo/index.tsx
FN:7,Logo
FNF:1
FNH:1
FNDA:2,Logo
DA:2,2
DA:3,2
DA:4,2
DA:5,2
DA:7,4
DA:17,2
DA:26,2
LF:7
LH:7
BRF:0
BRH:0
end_of_record
TN:
SF:src/components/OutlinedButton/index.tsx
FN:15,OutlinedButton
FNF:1
FNH:1
FNDA:3,OutlinedButton
DA:2,2
DA:3,2
DA:4,2
DA:5,2
DA:15,3
DA:16,3
DA:17,3
DA:19,3
DA:33,2
DA:46,2
LF:10
LH:10
BRF:0
BRH:0
end_of_record
TN:
SF:src/components/SModal/index.tsx
FN:14,SModal
FNF:1
FNH:1
FNDA:6,SModal
DA:1,4
DA:3,4
DA:4,4
DA:14,6
DA:15,6
DA:17,6
DA:28,4
LF:7
LH:7
BRF:0
BRH:0
end_of_record
TN:
SF:src/components/SModal/styles.tsx
FNF:0
FNH:0
DA:1,4
DA:2,4
DA:4,4
LF:3
LH:3
BRF:0
BRH:0
end_of_record
TN:
SF:src/components/SText/index.tsx
FN:12,SText
FNF:1
FNH:1
FNDA:1,SText
DA:2,4
DA:3,4
DA:4,4
DA:5,4
DA:12,4
DA:13,1
DA:15,1
DA:24,4
DA:34,4
LF:9
LH:9
BRF:0
BRH:0
end_of_record
TN:
SF:src/components/STitle/index.tsx
FN:7,STitle
FNF:1
FNH:1
FNDA:2,STitle
DA:2,2
DA:3,2
DA:4,2
DA:5,2
DA:7,6
DA:15,2
DA:23,2
LF:7
LH:7
BRF:0
BRH:0
end_of_record
TN:
SF:src/components/TextButton/index.tsx
FN:15,TextButton
FNF:1
FNH:1
FNDA:2,TextButton
DA:2,1
DA:3,1
DA:4,1
DA:5,1
DA:15,2
DA:16,2
DA:17,2
DA:19,2
DA:31,1
DA:42,1
LF:10
LH:10
BRF:0
BRH:0
end_of_record
TN:
SF:src/screens/AuthScreens/RegisterModal/FormView.tsx
FN:9,FormView
FNF:1
FNH:1
FNDA:1,FormView
DA:1,2
DA:2,2
DA:3,2
DA:4,2
DA:5,2
DA:9,3
LF:6
LH:6
BRF:0
BRH:0
end_of_record
TN:
SF:src/screens/AuthScreens/RegisterModal/FormikForm.tsx
FN:18,(anonymous_0)
FN:23,(anonymous_1)
FN:31,FormikForm
FN:34,(anonymous_3)
FNF:4
FNH:2
FNDA:0,(anonymous_0)
FNDA:0,(anonymous_1)
FNDA:1,FormikForm
FNDA:1,(anonymous_3)
DA:1,2
DA:2,2
DA:3,2
DA:4,2
DA:7,2
DA:14,2
DA:18,0
DA:23,0
DA:31,3
DA:34,1
LF:10
LH:8
BRDA:19,0,0,0
BRDA:19,0,1,0
BRDA:24,1,0,0
BRDA:24,1,1,0
BRDA:24,2,0,0
BRDA:24,2,1,0
BRF:6
BRH:0
end_of_record
TN:
SF:src/screens/AuthScreens/RegisterModal/index.tsx
FN:18,Header
FN:24,RegisterModal
FNF:2
FNH:2
FNDA:1,Header
FNDA:2,RegisterModal
DA:1,2
DA:2,2
DA:5,2
DA:7,2
DA:8,2
DA:9,2
DA:18,3
DA:24,4
DA:31,2
LF:9
LH:9
BRF:0
BRH:0
end_of_record
TN:
SF:src/screens/AuthScreens/RegisterModal/styles.tsx
FNF:0
FNH:0
DA:1,2
DA:2,2
DA:12,2
LF:3
LH:3
BRF:0
BRH:0
end_of_record
TN:
SF:src/screens/AuthScreens/RegisterModal copy/FormView.tsx
FN:9,FormView
FNF:1
FNH:1
FNDA:1,FormView
DA:1,1
DA:2,1
DA:3,1
DA:4,1
DA:5,1
DA:9,2
LF:6
LH:6
BRF:0
BRH:0
end_of_record
TN:
SF:src/screens/AuthScreens/RegisterModal copy/FormikForm.tsx
FN:18,(anonymous_0)
FN:23,(anonymous_1)
FN:31,FormikForm
FN:34,(anonymous_3)
FNF:4
FNH:2
FNDA:0,(anonymous_0)
FNDA:0,(anonymous_1)
FNDA:1,FormikForm
FNDA:1,(anonymous_3)
DA:1,1
DA:2,1
DA:3,1
DA:4,1
DA:7,1
DA:14,1
DA:18,0
DA:23,0
DA:31,2
DA:34,1
LF:10
LH:8
BRDA:19,0,0,0
BRDA:19,0,1,0
BRDA:24,1,0,0
BRDA:24,1,1,0
BRDA:24,2,0,0
BRDA:24,2,1,0
BRF:6
BRH:0
end_of_record
TN:
SF:src/screens/AuthScreens/RegisterModal copy/index.tsx
FN:18,Header
FN:24,RegisterModal
FNF:2
FNH:2
FNDA:1,Header
FNDA:2,RegisterModal
DA:1,1
DA:2,1
DA:5,1
DA:7,1
DA:8,1
DA:9,1
DA:18,2
DA:24,3
DA:31,1
LF:9
LH:9
BRF:0
BRH:0
end_of_record
TN:
SF:src/screens/AuthScreens/RegisterModal copy/styles.tsx
FNF:0
FNH:0
DA:1,1
DA:2,1
DA:12,1
LF:3
LH:3
BRF:0
BRH:0
end_of_record
TN:
SF:src/screens/AuthScreens/WelcomeScreen/BackgroundImage.tsx
FN:7,BackgroundImage
FNF:1
FNH:0
FNDA:0,BackgroundImage
DA:2,1
DA:3,1
DA:4,1
DA:7,1
LF:4
LH:4
BRF:0
BRH:0
end_of_record
TN:
SF:src/screens/AuthScreens/WelcomeScreen/LoginAndRegisterContainer.tsx
FN:15,LoginAndRegisterButtonsView
FN:26,LoginAndRegisterContainer
FN:30,toggleRegisterModal
FN:31,toggleLoginModal
FN:33,handleSubmitRegister
FNF:5
FNH:1
FNDA:1,LoginAndRegisterButtonsView
FNDA:0,LoginAndRegisterContainer
FNDA:0,toggleRegisterModal
FNDA:0,toggleLoginModal
FNDA:0,handleSubmitRegister
DA:1,1
DA:2,1
DA:3,1
DA:4,1
DA:5,1
DA:7,1
DA:8,1
DA:15,2
DA:26,1
DA:27,0
DA:28,0
DA:30,0
DA:31,0
DA:33,0
DA:34,0
DA:35,0
DA:38,0
LF:17
LH:9
BRF:0
BRH:0
end_of_record
TN:
SF:src/screens/AuthScreens/WelcomeScreen/index.tsx
FN:10,WelcomeText
FN:21,WelcomeScreen
FN:30,_default
FNF:3
FNH:1
FNDA:1,WelcomeText
FNDA:0,WelcomeScreen
FNDA:0,_default
DA:2,1
DA:3,1
DA:4,1
DA:5,1
DA:6,1
DA:7,1
DA:8,1
DA:10,2
DA:21,1
DA:31,0
LF:10
LH:9
BRF:0
BRH:0
end_of_record
TN:
SF:src/screens/AuthScreens/WelcomeScreen/styles.tsx
FNF:0
FNH:0
DA:1,1
DA:2,1
DA:13,1
LF:3
LH:3
BRF:0
BRH:0
end_of_record
