TN:
SF:src/theme.js
FN:2,ownKeys
FN:2,(anonymous_1)
FN:2,_objectSpread
FN:2,(anonymous_3)
FN:2,(anonymous_4)
FN:2,_defineProperty
FNF:6
FNH:4
FNDA:32,ownKeys
FNDA:0,(anonymous_1)
FNDA:32,_objectSpread
FNDA:128,(anonymous_3)
FNDA:0,(anonymous_4)
FNDA:128,_defineProperty
DA:1,8
DA:2,128
DA:4,8
DA:27,8
DA:33,8
DA:37,8
LF:6
LH:6
BRDA:2,0,0,32
BRDA:2,0,1,0
BRDA:2,1,0,32
BRDA:2,1,1,0
BRDA:2,2,0,48
BRDA:2,2,1,0
BRDA:2,3,0,32
BRDA:2,3,1,16
BRDA:2,4,0,16
BRDA:2,4,1,0
BRDA:2,5,0,0
BRDA:2,5,1,128
BRF:12
BRH:7
end_of_record
TN:
SF:src/components/BoldText/index.tsx
FN:12,BoldText
FNF:1
FNH:1
FNDA:1,BoldText
DA:2,2
DA:3,2
DA:4,2
DA:5,2
DA:12,2
DA:13,1
DA:15,1
DA:24,2
DA:34,2
LF:9
LH:9
BRF:0
BRH:0
end_of_record
TN:
SF:src/components/FilledButton/index.tsx
FN:15,FilledButton
FNF:1
FNH:1
FNDA:3,FilledButton
DA:2,2
DA:3,2
DA:4,2
DA:5,2
DA:15,3
DA:16,3
DA:17,3
DA:19,3
DA:33,2
DA:46,2
LF:10
LH:10
BRF:0
BRH:0
end_of_record
TN:
SF:src/components/FormikTextInput/TextInput.tsx
FN:16,TextInput
FNF:1
FNH:0
FNDA:0,TextInput
DA:1,1
DA:3,1
DA:4,1
DA:5,1
DA:16,1
DA:17,0
DA:19,0
DA:28,1
LF:8
LH:6
BRDA:17,0,0,0
BRDA:17,0,1,0
BRF:2
BRH:0
end_of_record
TN:
SF:src/components/FormikTextInput/index.tsx
FN:14,FormikTextInput
FN:30,onChangeText
FN:31,onBlur
FNF:3
FNH:0
FNDA:0,FormikTextInput
FNDA:0,onChangeText
FNDA:0,onBlur
DA:1,1
DA:2,1
DA:3,1
DA:4,1
DA:5,1
DA:6,1
DA:14,1
DA:15,0
DA:16,0
DA:18,0
DA:30,0
DA:31,0
DA:40,1
LF:13
LH:8
BRDA:16,0,0,0
BRDA:16,0,1,0
BRDA:21,1,0,0
BRDA:21,1,1,0
BRF:4
BRH:0
end_of_record
TN:
SF:src/components/FormikTextInput/styles.tsx
FNF:0
FNH:0
DA:1,1
DA:2,1
DA:12,1
LF:3
LH:3
BRF:0
BRH:0
end_of_record
TN:
SF:src/components/Logo/index.tsx
FN:7,Logo
FNF:1
FNH:1
FNDA:2,Logo
DA:2,2
DA:3,2
DA:4,2
DA:5,2
DA:7,4
DA:17,2
DA:26,2
LF:7
LH:7
BRF:0
BRH:0
end_of_record
TN:
SF:src/components/OutlinedButton/index.tsx
FN:15,OutlinedButton
FNF:1
FNH:1
FNDA:3,OutlinedButton
DA:2,2
DA:3,2
DA:4,2
DA:5,2
DA:15,3
DA:16,3
DA:17,3
DA:19,3
DA:33,2
DA:46,2
LF:10
LH:10
BRF:0
BRH:0
end_of_record
TN:
SF:src/components/SModal/index.tsx
FN:13,SModal
FNF:1
FNH:0
FNDA:0,SModal
DA:1,1
DA:3,1
DA:4,1
DA:13,1
DA:14,0
DA:16,0
DA:27,1
LF:7
LH:5
BRF:0
BRH:0
end_of_record
TN:
SF:src/components/SModal/styles.tsx
FNF:0
FNH:0
DA:1,1
DA:2,1
DA:4,1
LF:3
LH:3
BRF:0
BRH:0
end_of_record
TN:
SF:src/components/SText/index.tsx
FN:12,SText
FNF:1
FNH:1
FNDA:1,SText
DA:2,2
DA:3,2
DA:4,2
DA:5,2
DA:12,2
DA:13,1
DA:15,1
DA:24,2
DA:34,2
LF:9
LH:9
BRF:0
BRH:0
end_of_record
TN:
SF:src/components/STitle/index.tsx
FN:7,STitle
FNF:1
FNH:1
FNDA:2,STitle
DA:2,2
DA:3,2
DA:4,2
DA:5,2
DA:7,6
DA:15,2
DA:23,2
LF:7
LH:7
BRF:0
BRH:0
end_of_record
TN:
SF:src/components/TextButton/index.tsx
FN:15,TextButton
FNF:1
FNH:1
FNDA:2,TextButton
DA:2,1
DA:3,1
DA:4,1
DA:5,1
DA:15,2
DA:16,2
DA:17,2
DA:19,2
DA:31,1
DA:42,1
LF:10
LH:10
BRF:0
BRH:0
end_of_record
TN:
SF:src/screens/AuthScreens/RegisterModal/FormView.tsx
FN:9,FormView
FNF:1
FNH:0
FNDA:0,FormView
DA:1,1
DA:2,1
DA:3,1
DA:4,1
DA:5,1
DA:9,1
LF:6
LH:6
BRF:0
BRH:0
end_of_record
TN:
SF:src/screens/AuthScreens/RegisterModal/FormikForm.tsx
FN:17,(anonymous_0)
FN:22,(anonymous_1)
FN:30,FormikForm
FN:33,(anonymous_3)
FNF:4
FNH:0
FNDA:0,(anonymous_0)
FNDA:0,(anonymous_1)
FNDA:0,FormikForm
FNDA:0,(anonymous_3)
DA:1,1
DA:2,1
DA:3,1
DA:4,1
DA:6,1
DA:13,1
DA:17,0
DA:22,0
DA:30,1
DA:33,0
LF:10
LH:7
BRDA:18,0,0,0
BRDA:18,0,1,0
BRDA:23,1,0,0
BRDA:23,1,1,0
BRDA:23,2,0,0
BRDA:23,2,1,0
BRF:6
BRH:0
end_of_record
TN:
SF:src/screens/AuthScreens/RegisterModal/index.tsx
FN:16,Header
FN:22,RegisterModal
FN:23,handleSubmit
FNF:3
FNH:0
FNDA:0,Header
FNDA:0,RegisterModal
FNDA:0,handleSubmit
DA:1,1
DA:2,1
DA:5,1
DA:7,1
DA:8,1
DA:9,1
DA:16,1
DA:22,1
DA:23,0
DA:24,0
DA:27,0
DA:35,1
LF:12
LH:9
BRF:0
BRH:0
end_of_record
TN:
SF:src/screens/AuthScreens/RegisterModal/styles.tsx
FNF:0
FNH:0
DA:1,1
DA:2,1
DA:12,1
LF:3
LH:3
BRF:0
BRH:0
end_of_record
TN:
SF:src/screens/AuthScreens/WelcomeScreen/BackgroundImage.tsx
FN:7,BackgroundImage
FNF:1
FNH:0
FNDA:0,BackgroundImage
DA:2,1
DA:3,1
DA:4,1
DA:7,1
LF:4
LH:4
BRF:0
BRH:0
end_of_record
TN:
SF:src/screens/AuthScreens/WelcomeScreen/LoginAndRegisterContainer.tsx
FN:14,LoginAndRegisterButtonsView
FN:25,LoginAndRegisterContainer
FN:29,toggleRegister
FN:30,toggleLogin
FNF:4
FNH:1
FNDA:1,LoginAndRegisterButtonsView
FNDA:0,LoginAndRegisterContainer
FNDA:0,toggleRegister
FNDA:0,toggleLogin
DA:1,1
DA:2,1
DA:3,1
DA:4,1
DA:5,1
DA:6,1
DA:7,1
DA:14,2
DA:25,1
DA:26,0
DA:27,0
DA:29,0
DA:30,0
DA:32,0
LF:14
LH:9
BRF:0
BRH:0
end_of_record
TN:
SF:src/screens/AuthScreens/WelcomeScreen/index.tsx
FN:10,WelcomeText
FN:21,WelcomeScreen
FN:30,_default
FNF:3
FNH:1
FNDA:1,WelcomeText
FNDA:0,WelcomeScreen
FNDA:0,_default
DA:2,1
DA:3,1
DA:4,1
DA:5,1
DA:6,1
DA:7,1
DA:8,1
DA:10,2
DA:21,1
DA:31,0
LF:10
LH:9
BRF:0
BRH:0
end_of_record
TN:
SF:src/screens/AuthScreens/WelcomeScreen/styles.tsx
FNF:0
FNH:0
DA:1,1
DA:2,1
DA:13,1
LF:3
LH:3
BRF:0
BRH:0
end_of_record
